<?xml version="1.0" encoding="UTF-8"?>
<testng-results skipped="0" failed="1" total="3" passed="2">
  <reporter-output>
  </reporter-output>
  <suite name="Suite" duration-ms="103598" started-at="2020-08-04T10:49:14Z" finished-at="2020-08-04T10:50:57Z">
    <groups>
    </groups>
    <test name="Test" duration-ms="103056" started-at="2020-08-04T10:49:14Z" finished-at="2020-08-04T10:50:57Z">
      <class name="completeFramework.ValidateText">
        <test-method status="PASS" signature="start_Driver()[pri:0, instance:completeFramework.ValidateText@3cf28]" name="start_Driver" is-config="true" duration-ms="94244" started-at="2020-08-04T16:19:14Z" finished-at="2020-08-04T16:20:48Z">
          <reporter-output>
          </reporter-output>
        </test-method> <!-- start_Driver -->
        <test-method status="FAIL" signature="vali_Text()[pri:0, instance:completeFramework.ValidateText@3cf28]" name="vali_Text" duration-ms="1660" started-at="2020-08-04T16:20:48Z" finished-at="2020-08-04T16:20:50Z">
          <exception class="java.lang.AssertionError">
            <message>
              <![CDATA[expected [true] but found [false]]]>
            </message>
            <full-stacktrace>
              <![CDATA[java.lang.AssertionError: expected [true] but found [false]
	at org.testng.Assert.fail(Assert.java:89)
	at org.testng.Assert.failNotEquals(Assert.java:489)
	at org.testng.Assert.assertTrue(Assert.java:37)
	at org.testng.Assert.assertTrue(Assert.java:47)
	at completeFramework.ValidateText.vali_Text(ValidateText.java:33)
	at sun.reflect.NativeMethodAccessorImpl.invoke0(Native Method)
	at sun.reflect.NativeMethodAccessorImpl.invoke(NativeMethodAccessorImpl.java:62)
	at sun.reflect.DelegatingMethodAccessorImpl.invoke(DelegatingMethodAccessorImpl.java:43)
	at java.lang.reflect.Method.invoke(Method.java:498)
	at org.testng.internal.MethodInvocationHelper.invokeMethod(MethodInvocationHelper.java:80)
	at org.testng.internal.Invoker.invokeMethod(Invoker.java:715)
	at org.testng.internal.Invoker.invokeTestMethod(Invoker.java:907)
	at org.testng.internal.Invoker.invokeTestMethods(Invoker.java:1237)
	at org.testng.internal.TestMethodWorker.invokeTestMethods(TestMethodWorker.java:127)
	at org.testng.internal.TestMethodWorker.run(TestMethodWorker.java:111)
	at org.testng.TestRunner.privateRun(TestRunner.java:767)
	at org.testng.TestRunner.run(TestRunner.java:617)
	at org.testng.SuiteRunner.runTest(SuiteRunner.java:334)
	at org.testng.SuiteRunner.access$000(SuiteRunner.java:37)
	at org.testng.SuiteRunner$SuiteWorker.run(SuiteRunner.java:368)
	at org.testng.internal.thread.ThreadUtil$2.call(ThreadUtil.java:64)
	at java.util.concurrent.FutureTask.run(FutureTask.java:266)
	at java.util.concurrent.ThreadPoolExecutor.runWorker(ThreadPoolExecutor.java:1149)
	at java.util.concurrent.ThreadPoolExecutor$Worker.run(ThreadPoolExecutor.java:624)
	at java.lang.Thread.run(Thread.java:748)
]]>
            </full-stacktrace>
          </exception> <!-- java.lang.AssertionError -->
          <reporter-output>
          </reporter-output>
        </test-method> <!-- vali_Text -->
        <test-method status="PASS" signature="close()[pri:0, instance:completeFramework.ValidateText@3cf28]" name="close" is-config="true" duration-ms="4044" started-at="2020-08-04T16:20:53Z" finished-at="2020-08-04T16:20:57Z">
          <reporter-output>
          </reporter-output>
        </test-method> <!-- close -->
      </class> <!-- completeFramework.ValidateText -->
    </test> <!-- Test -->
    <test name="Test1" duration-ms="103598" started-at="2020-08-04T10:49:14Z" finished-at="2020-08-04T10:50:57Z">
      <class name="completeFramework.HomePage">
        <test-method status="PASS" signature="start_Driver()[pri:0, instance:completeFramework.HomePage@6afff2]" name="start_Driver" is-config="true" duration-ms="6152" started-at="2020-08-04T16:19:14Z" finished-at="2020-08-04T16:19:20Z">
          <reporter-output>
          </reporter-output>
        </test-method> <!-- start_Driver -->
        <test-method status="PASS" signature="open_browser(java.lang.String, java.lang.String)[pri:0, instance:completeFramework.HomePage@6afff2]" name="open_browser" duration-ms="40816" started-at="2020-08-04T16:19:20Z" data-provider="getdata" finished-at="2020-08-04T16:20:01Z">
          <params>
            <param index="0">
              <value>
                <![CDATA[123@gmail.com]]>
              </value>
            </param>
            <param index="1">
              <value>
                <![CDATA[zxcv]]>
              </value>
            </param>
          </params>
          <reporter-output>
          </reporter-output>
        </test-method> <!-- open_browser -->
        <test-method status="PASS" signature="open_browser(java.lang.String, java.lang.String)[pri:0, instance:completeFramework.HomePage@6afff2]" name="open_browser" duration-ms="43611" started-at="2020-08-04T16:20:01Z" data-provider="getdata" finished-at="2020-08-04T16:20:44Z">
          <params>
            <param index="0">
              <value>
                <![CDATA[456@gmail.com]]>
              </value>
            </param>
            <param index="1">
              <value>
                <![CDATA[zxcv]]>
              </value>
            </param>
          </params>
          <reporter-output>
          </reporter-output>
        </test-method> <!-- open_browser -->
        <test-method status="PASS" signature="close()[pri:0, instance:completeFramework.HomePage@6afff2]" name="close" is-config="true" duration-ms="12423" started-at="2020-08-04T16:20:45Z" finished-at="2020-08-04T16:20:57Z">
          <reporter-output>
          </reporter-output>
        </test-method> <!-- close -->
      </class> <!-- completeFramework.HomePage -->
    </test> <!-- Test1 -->
  </suite> <!-- Suite -->
</testng-results>
